{"name": "test_search_by_company_and_location_is_reflected_in_the_url[Crete Carrier-Nevada]", "status": "broken", "statusDetails": {"message": "selenium.common.exceptions.NoSuchWindowException: Message: no such window: target window already closed\nfrom unknown error: web view not found\n  (Session info: chrome=119.0.6045.123)\nStacktrace:\n0   chromedriver                        0x00000001032d3d28 chromedriver + 4795688\n1   chromedriver                        0x00000001032cb2b3 chromedriver + 4760243\n2   chromedriver                        0x0000000102ea488d chromedriver + 407693\n3   chromedriver                        0x0000000102e78758 chromedriver + 227160\n4   chromedriver                        0x0000000102f2050f chromedriver + 914703\n5   chromedriver                        0x0000000102f360e6 chromedriver + 1003750\n6   chromedriver                        0x0000000102f1aa73 chromedriver + 891507\n7   chromedriver                        0x0000000102ee5143 chromedriver + 672067\n8   chromedriver                        0x0000000102ee631e chromedriver + 676638\n9   chromedriver                        0x0000000103294795 chromedriver + 4536213\n10  chromedriver                        0x0000000103299853 chromedriver + 4556883\n11  chromedriver                        0x000000010327a001 chromedriver + 4427777\n12  chromedriver                        0x000000010329a59d chromedriver + 4560285\n13  chromedriver                        0x000000010326b48c chromedriver + 4367500\n14  chromedriver                        0x00000001032ba0e8 chromedriver + 4690152\n15  chromedriver                        0x00000001032ba29e chromedriver + 4690590\n16  chromedriver                        0x00000001032caeee chromedriver + 4759278\n17  libsystem_pthread.dylib             0x00007ff80bc25202 _pthread_start + 99\n18  libsystem_pthread.dylib             0x00007ff80bc20bab thread_start + 15", "trace": "self = <test_search.TestHomePageSearch object at 0x105060670>\ncompany = 'Crete Carrier', location = 'Nevada'\n\n    @pytest.mark.ui\n    @pytest.mark.parametrize(\"company,location\",\n                             [(\"Penske\", \"Arizona\"),\n                              (\"Covenant\", \"North Carolina\"),\n                              (\"Crete Carrier\", \"Nevada\")])\n    def test_search_by_company_and_location_is_reflected_in_the_url(self, company, location):\n>       self.go_to_homepage()\n\ntests/ui/test_search.py:35: \n_ _ _ _ _ _ _ _ _ _ _ _ _ _ _ _ _ _ _ _ _ _ _ _ _ _ _ _ _ _ _ _ _ _ _ _ _ _ _ _ \ntests/ui/test_search.py:20: in go_to_homepage\n    self.webdriver.go_to_home_page()\nwebdriver/web_driver.py:19: in go_to_home_page\n    self.driver.get(self.url)\nvenv/lib/python3.9/site-packages/selenium/webdriver/remote/webdriver.py:353: in get\n    self.execute(Command.GET, {\"url\": url})\nvenv/lib/python3.9/site-packages/selenium/webdriver/remote/webdriver.py:344: in execute\n    self.error_handler.check_response(response)\n_ _ _ _ _ _ _ _ _ _ _ _ _ _ _ _ _ _ _ _ _ _ _ _ _ _ _ _ _ _ _ _ _ _ _ _ _ _ _ _ \n\nself = <selenium.webdriver.remote.errorhandler.ErrorHandler object at 0x104a49ca0>\nresponse = {'status': 404, 'value': '{\"value\":{\"error\":\"no such window\",\"message\":\"no such window: target window already closed\\\\...7ff80bc25202 _pthread_start + 99\\\\n18  libsystem_pthread.dylib             0x00007ff80bc20bab thread_start + 15\\\\n\"}}'}\n\n    def check_response(self, response: Dict[str, Any]) -> None:\n        \"\"\"Checks that a JSON response from the WebDriver does not have an\n        error.\n    \n        :Args:\n         - response - The JSON response from the WebDriver server as a dictionary\n           object.\n    \n        :Raises: If the response contains an error message.\n        \"\"\"\n        status = response.get(\"status\", None)\n        if not status or status == ErrorCode.SUCCESS:\n            return\n        value = None\n        message = response.get(\"message\", \"\")\n        screen: str = response.get(\"screen\", \"\")\n        stacktrace = None\n        if isinstance(status, int):\n            value_json = response.get(\"value\", None)\n            if value_json and isinstance(value_json, str):\n                import json\n    \n                try:\n                    value = json.loads(value_json)\n                    if len(value) == 1:\n                        value = value[\"value\"]\n                    status = value.get(\"error\", None)\n                    if not status:\n                        status = value.get(\"status\", ErrorCode.UNKNOWN_ERROR)\n                        message = value.get(\"value\") or value.get(\"message\")\n                        if not isinstance(message, str):\n                            value = message\n                            message = message.get(\"message\")\n                    else:\n                        message = value.get(\"message\", None)\n                except ValueError:\n                    pass\n    \n        exception_class: Type[WebDriverException]\n        e = ErrorCode()\n        error_codes = [item for item in dir(e) if not item.startswith(\"__\")]\n        for error_code in error_codes:\n            error_info = getattr(ErrorCode, error_code)\n            if isinstance(error_info, list) and status in error_info:\n                exception_class = getattr(ExceptionMapping, error_code, WebDriverException)\n                break\n        else:\n            exception_class = WebDriverException\n    \n        if not value:\n            value = response[\"value\"]\n        if isinstance(value, str):\n            raise exception_class(value)\n        if message == \"\" and \"message\" in value:\n            message = value[\"message\"]\n    \n        screen = None  # type: ignore[assignment]\n        if \"screen\" in value:\n            screen = value[\"screen\"]\n    \n        stacktrace = None\n        st_value = value.get(\"stackTrace\") or value.get(\"stacktrace\")\n        if st_value:\n            if isinstance(st_value, str):\n                stacktrace = st_value.split(\"\\n\")\n            else:\n                stacktrace = []\n                try:\n                    for frame in st_value:\n                        line = frame.get(\"lineNumber\", \"\")\n                        file = frame.get(\"fileName\", \"<anonymous>\")\n                        if line:\n                            file = f\"{file}:{line}\"\n                        meth = frame.get(\"methodName\", \"<anonymous>\")\n                        if \"className\" in frame:\n                            meth = f\"{frame['className']}.{meth}\"\n                        msg = \"    at %s (%s)\"\n                        msg = msg % (meth, file)\n                        stacktrace.append(msg)\n                except TypeError:\n                    pass\n        if exception_class == UnexpectedAlertPresentException:\n            alert_text = None\n            if \"data\" in value:\n                alert_text = value[\"data\"].get(\"text\")\n            elif \"alert\" in value:\n                alert_text = value[\"alert\"].get(\"text\")\n            raise exception_class(message, screen, stacktrace, alert_text)  # type: ignore[call-arg]  # mypy is not smart enough here\n>       raise exception_class(message, screen, stacktrace)\nE       selenium.common.exceptions.NoSuchWindowException: Message: no such window: target window already closed\nE       from unknown error: web view not found\nE         (Session info: chrome=119.0.6045.123)\nE       Stacktrace:\nE       0   chromedriver                        0x00000001032d3d28 chromedriver + 4795688\nE       1   chromedriver                        0x00000001032cb2b3 chromedriver + 4760243\nE       2   chromedriver                        0x0000000102ea488d chromedriver + 407693\nE       3   chromedriver                        0x0000000102e78758 chromedriver + 227160\nE       4   chromedriver                        0x0000000102f2050f chromedriver + 914703\nE       5   chromedriver                        0x0000000102f360e6 chromedriver + 1003750\nE       6   chromedriver                        0x0000000102f1aa73 chromedriver + 891507\nE       7   chromedriver                        0x0000000102ee5143 chromedriver + 672067\nE       8   chromedriver                        0x0000000102ee631e chromedriver + 676638\nE       9   chromedriver                        0x0000000103294795 chromedriver + 4536213\nE       10  chromedriver                        0x0000000103299853 chromedriver + 4556883\nE       11  chromedriver                        0x000000010327a001 chromedriver + 4427777\nE       12  chromedriver                        0x000000010329a59d chromedriver + 4560285\nE       13  chromedriver                        0x000000010326b48c chromedriver + 4367500\nE       14  chromedriver                        0x00000001032ba0e8 chromedriver + 4690152\nE       15  chromedriver                        0x00000001032ba29e chromedriver + 4690590\nE       16  chromedriver                        0x00000001032caeee chromedriver + 4759278\nE       17  libsystem_pthread.dylib             0x00007ff80bc25202 _pthread_start + 99\nE       18  libsystem_pthread.dylib             0x00007ff80bc20bab thread_start + 15\n\nvenv/lib/python3.9/site-packages/selenium/webdriver/remote/errorhandler.py:229: NoSuchWindowException"}, "steps": [{"name": "Going to homepage", "status": "broken", "statusDetails": {"message": "selenium.common.exceptions.NoSuchWindowException: Message: no such window: target window already closed\nfrom unknown error: web view not found\n  (Session info: chrome=119.0.6045.123)\nStacktrace:\n0   chromedriver                        0x00000001032d3d28 chromedriver + 4795688\n1   chromedriver                        0x00000001032cb2b3 chromedriver + 4760243\n2   chromedriver                        0x0000000102ea488d chromedriver + 407693\n3   chromedriver                        0x0000000102e78758 chromedriver + 227160\n4   chromedriver                        0x0000000102f2050f chromedriver + 914703\n5   chromedriver                        0x0000000102f360e6 chromedriver + 1003750\n6   chromedriver                        0x0000000102f1aa73 chromedriver + 891507\n7   chromedriver                        0x0000000102ee5143 chromedriver + 672067\n8   chromedriver                        0x0000000102ee631e chromedriver + 676638\n9   chromedriver                        0x0000000103294795 chromedriver + 4536213\n10  chromedriver                        0x0000000103299853 chromedriver + 4556883\n11  chromedriver                        0x000000010327a001 chromedriver + 4427777\n12  chromedriver                        0x000000010329a59d chromedriver + 4560285\n13  chromedriver                        0x000000010326b48c chromedriver + 4367500\n14  chromedriver                        0x00000001032ba0e8 chromedriver + 4690152\n15  chromedriver                        0x00000001032ba29e chromedriver + 4690590\n16  chromedriver                        0x00000001032caeee chromedriver + 4759278\n17  libsystem_pthread.dylib             0x00007ff80bc25202 _pthread_start + 99\n18  libsystem_pthread.dylib             0x00007ff80bc20bab thread_start + 15\n\n", "trace": "  File \"/Users/DerekPetersen/PycharmProjects/CIG/venv/lib/python3.9/site-packages/allure_commons/_allure.py\", line 192, in impl\n    return func(*a, **kw)\n  File \"/Users/DerekPetersen/PycharmProjects/CIG/tests/ui/test_search.py\", line 20, in go_to_homepage\n    self.webdriver.go_to_home_page()\n  File \"/Users/DerekPetersen/PycharmProjects/CIG/webdriver/web_driver.py\", line 19, in go_to_home_page\n    self.driver.get(self.url)\n  File \"/Users/DerekPetersen/PycharmProjects/CIG/venv/lib/python3.9/site-packages/selenium/webdriver/remote/webdriver.py\", line 353, in get\n    self.execute(Command.GET, {\"url\": url})\n  File \"/Users/DerekPetersen/PycharmProjects/CIG/venv/lib/python3.9/site-packages/selenium/webdriver/remote/webdriver.py\", line 344, in execute\n    self.error_handler.check_response(response)\n  File \"/Users/DerekPetersen/PycharmProjects/CIG/venv/lib/python3.9/site-packages/selenium/webdriver/remote/errorhandler.py\", line 229, in check_response\n    raise exception_class(message, screen, stacktrace)\n"}, "start": 1699537009302, "stop": 1699537009304}], "parameters": [{"name": "company", "value": "'Crete Carrier'"}, {"name": "location", "value": "'Nevada'"}], "start": 1699537009302, "stop": 1699537009316, "uuid": "75db3182-00e9-4a04-b53a-71321e5a18da", "historyId": "972ba95b32aeeb163226239c04890e32", "testCaseId": "a2684616a45563c3ebb73d73076cf8a5", "fullName": "tests.ui.test_search.TestHomePageSearch#test_search_by_company_and_location_is_reflected_in_the_url", "labels": [{"name": "tag", "value": "ui"}, {"name": "parentSuite", "value": "tests.ui"}, {"name": "suite", "value": "test_search"}, {"name": "subSuite", "value": "TestHomePageSearch"}, {"name": "host", "value": "RRMACL21288"}, {"name": "thread", "value": "21975-MainThread"}, {"name": "framework", "value": "pytest"}, {"name": "language", "value": "cpython3"}, {"name": "package", "value": "tests.ui.test_search"}]}